This is pdfTeX, Version 3.1415926-1.40.10 (TeX Live 2009/Debian) (format=latex 2010.10.31)  16 JAN 2011 18:42
entering extended mode
 restricted \write18 enabled.
 %&-line parsing enabled.
**report.tex
(./report.tex
LaTeX2e <2009/09/24>
Babel <v3.8l> and hyphenation patterns for english, usenglishmax, dumylang, noh
yphenation, farsi, arabic, croatian, bulgarian, ukrainian, russian, czech, slov
ak, danish, dutch, finnish, french, basque, ngerman, german, german-x-2009-06-1
9, ngerman-x-2009-06-19, ibycus, monogreek, greek, ancientgreek, hungarian, san
skrit, italian, latin, latvian, lithuanian, mongolian2a, mongolian, bokmal, nyn
orsk, romanian, irish, coptic, serbian, turkish, welsh, esperanto, uppersorbian
, estonian, indonesian, interlingua, icelandic, kurmanji, slovenian, polish, po
rtuguese, spanish, galician, catalan, swedish, ukenglish, pinyin, loaded.
(./thesis_report.cls
Document Class: thesis_report 2002/01/28 v2.13 
 LaTeX document class for Thesis Reports in Computer Science
(/usr/share/texmf-texlive/tex/latex/base/report.cls
Document Class: report 2007/10/19 v1.4h Standard LaTeX document class
(/usr/share/texmf-texlive/tex/latex/base/size10.clo
File: size10.clo 2007/10/19 v1.4h Standard LaTeX file (size option)
)
\c@part=\count79
\c@chapter=\count80
\c@section=\count81
\c@subsection=\count82
\c@subsubsection=\count83
\c@paragraph=\count84
\c@subparagraph=\count85
\c@figure=\count86
\c@table=\count87
\abovecaptionskip=\skip41
\belowcaptionskip=\skip42
\bibindent=\dimen102
)
(/usr/share/texmf-texlive/tex/latex/fancyhdr/fancyhdr.sty
\fancy@headwidth=\skip43
\f@ncyO@elh=\skip44
\f@ncyO@erh=\skip45
\f@ncyO@olh=\skip46
\f@ncyO@orh=\skip47
\f@ncyO@elf=\skip48
\f@ncyO@erf=\skip49
\f@ncyO@olf=\skip50
\f@ncyO@orf=\skip51
)
(/usr/share/texmf-texlive/tex/latex/graphics/graphicx.sty
Package: graphicx 1999/02/16 v1.0f Enhanced LaTeX Graphics (DPC,SPQR)

(/usr/share/texmf-texlive/tex/latex/graphics/keyval.sty
Package: keyval 1999/03/16 v1.13 key=value parser (DPC)
\KV@toks@=\toks14
)
(/usr/share/texmf-texlive/tex/latex/graphics/graphics.sty
Package: graphics 2009/02/05 v1.0o Standard LaTeX Graphics (DPC,SPQR)

(/usr/share/texmf-texlive/tex/latex/graphics/trig.sty
Package: trig 1999/03/16 v1.09 sin cos tan (DPC)
)
(/etc/texmf/tex/latex/config/graphics.cfg
File: graphics.cfg 2009/08/28 v1.8 graphics configuration of TeX Live
)
Package graphics Info: Driver file: dvips.def on input line 91.

(/usr/share/texmf-texlive/tex/latex/graphics/dvips.def
File: dvips.def 1999/02/16 v3.0i Driver-dependant file (DPC,SPQR)
))
\Gin@req@height=\dimen103
\Gin@req@width=\dimen104
)
(/usr/share/texmf-texlive/tex/latex/tools/varioref.sty
Package: varioref 2009/09/13 v1.4w package for extended references (FMi)
\c@vrcnt=\count88
)
(/usr/share/texmf-texlive/tex/latex/graphics/epsfig.sty
Package: epsfig 1999/02/16 v1.7a (e)psfig emulation (SPQR)
\epsfxsize=\dimen105
\epsfysize=\dimen106
)
(/usr/share/texmf-texlive/tex/latex/base/inputenc.sty
Package: inputenc 2008/03/30 v1.1d Input encoding file
\inpenc@prehook=\toks15
\inpenc@posthook=\toks16

(/usr/share/texmf-texlive/tex/latex/base/latin1.def
File: latin1.def 2008/03/30 v1.1d Input encoding file
))
(/usr/share/texmf-texlive/tex/latex/geometry/geometry.sty
Package: geometry 2008/12/21 v4.2 Page Geometry

(/usr/share/texmf-texlive/tex/generic/oberdiek/ifpdf.sty
Package: ifpdf 2009/04/10 v2.0 Provides the ifpdf switch (HO)
Package ifpdf Info: pdfTeX in pdf mode not detected.
)
(/usr/share/texmf-texlive/tex/generic/oberdiek/ifvtex.sty
Package: ifvtex 2008/11/04 v1.4 Switches for detecting VTeX and its modes (HO)
Package ifvtex Info: VTeX not detected.
)
\Gm@cnth=\count89
\Gm@cntv=\count90
\c@Gm@tempcnt=\count91
\Gm@bindingoffset=\dimen107
\Gm@wd@mp=\dimen108
\Gm@odd@mp=\dimen109
\Gm@even@mp=\dimen110
\Gm@dimlist=\toks17

(/usr/share/texmf-texlive/tex/xelatex/xetexconfig/geometry.cfg)

Package geometry Warning: Over-specification in `h'-direction.
    `width' (433.62pt) is ignored.

) (/usr/share/texmf-texlive/tex/latex/setspace/setspace.sty
Package: setspace 2000/12/01 6.7 Contributed and Supported LaTeX2e package

Package: `setspace' 6.7 <2000/12/01>
) (/usr/share/texmf-texlive/tex/latex/amsmath/amsmath.sty
Package: amsmath 2000/07/18 v2.13 AMS math features
\@mathmargin=\skip52

For additional information on amsmath, use the `?' option.
(/usr/share/texmf-texlive/tex/latex/amsmath/amstext.sty
Package: amstext 2000/06/29 v2.01

(/usr/share/texmf-texlive/tex/latex/amsmath/amsgen.sty
File: amsgen.sty 1999/11/30 v2.0
\@emptytoks=\toks18
\ex@=\dimen111
))
(/usr/share/texmf-texlive/tex/latex/amsmath/amsbsy.sty
Package: amsbsy 1999/11/29 v1.2d
\pmbraise@=\dimen112
)
(/usr/share/texmf-texlive/tex/latex/amsmath/amsopn.sty
Package: amsopn 1999/12/14 v2.01 operator names
)
\inf@bad=\count92
LaTeX Info: Redefining \frac on input line 211.
\uproot@=\count93
\leftroot@=\count94
LaTeX Info: Redefining \overline on input line 307.
\classnum@=\count95
\DOTSCASE@=\count96
LaTeX Info: Redefining \ldots on input line 379.
LaTeX Info: Redefining \dots on input line 382.
LaTeX Info: Redefining \cdots on input line 467.
\Mathstrutbox@=\box26
\strutbox@=\box27
\big@size=\dimen113
LaTeX Font Info:    Redeclaring font encoding OML on input line 567.
LaTeX Font Info:    Redeclaring font encoding OMS on input line 568.
\macc@depth=\count97
\c@MaxMatrixCols=\count98
\dotsspace@=\muskip10
\c@parentequation=\count99
\dspbrk@lvl=\count100
\tag@help=\toks19
\row@=\count101
\column@=\count102
\maxfields@=\count103
\andhelp@=\toks20
\eqnshift@=\dimen114
\alignsep@=\dimen115
\tagshift@=\dimen116
\tagwidth@=\dimen117
\totwidth@=\dimen118
\lineht@=\dimen119
\@envbody=\toks21
\multlinegap=\skip53
\multlinetaggap=\skip54
\mathdisplay@stack=\toks22
LaTeX Info: Redefining \[ on input line 2666.
LaTeX Info: Redefining \] on input line 2667.
)
(/usr/share/texmf-texlive/tex/latex/amsfonts/amssymb.sty
Package: amssymb 2009/06/22 v3.00

(/usr/share/texmf-texlive/tex/latex/amsfonts/amsfonts.sty
Package: amsfonts 2009/06/22 v3.00 Basic AMSFonts support
\symAMSa=\mathgroup4
\symAMSb=\mathgroup5
LaTeX Font Info:    Overwriting math alphabet `\mathfrak' in version `bold'
(Font)                  U/euf/m/n --> U/euf/b/n on input line 96.
))
(/usr/share/texmf-texlive/tex/latex/amscls/amsthm.sty
Package: amsthm 2004/08/06 v2.20
\thm@style=\toks23
\thm@bodyfont=\toks24
\thm@headfont=\toks25
\thm@notefont=\toks26
\thm@headpunct=\toks27
\thm@preskip=\skip55
\thm@postskip=\skip56
\thm@headsep=\skip57
\dth@everypar=\toks28
)
\c@theorem=\count104
\c@definition=\count105
\c@unnamed=\count106
\c@policyrule=\count107
\c@policyoperation=\count108
\c@example=\count109
)
(/usr/share/texmf-texlive/tex/latex/ucs/ucs.sty
Package: ucs 2004/10/17 UCS: Unicode input support

(/usr/share/texmf-texlive/tex/latex/ucs/data/uni-global.def
File: uni-global.def 2004/10/17 UCS: Unicode global data
)
\uc@secondtry=\count110
\uc@combtoks=\toks29
\uc@combtoksb=\toks30
\uc@temptokena=\toks31
)
(/usr/share/texmf-texlive/tex/latex/multirow/multirow.sty
\bigstrutjot=\dimen120
)
(/usr/share/texmf-texlive/tex/latex/base/fontenc.sty
Package: fontenc 2005/09/27 v1.99g Standard LaTeX package

(/usr/share/texmf-texlive/tex/latex/base/t1enc.def
File: t1enc.def 2005/09/27 v1.99g Standard LaTeX file
LaTeX Font Info:    Redeclaring font encoding T1 on input line 43.
)) (./report.aux

LaTeX Warning: Label `tab:division_feature_table' multiply defined.

)
\openout1 = `report.aux'.

LaTeX Font Info:    Checking defaults for OML/cmm/m/it on input line 12.
LaTeX Font Info:    ... okay on input line 12.
LaTeX Font Info:    Checking defaults for T1/cmr/m/n on input line 12.
LaTeX Font Info:    ... okay on input line 12.
LaTeX Font Info:    Checking defaults for OT1/cmr/m/n on input line 12.
LaTeX Font Info:    ... okay on input line 12.
LaTeX Font Info:    Checking defaults for OMS/cmsy/m/n on input line 12.
LaTeX Font Info:    ... okay on input line 12.
LaTeX Font Info:    Checking defaults for OMX/cmex/m/n on input line 12.
LaTeX Font Info:    ... okay on input line 12.
LaTeX Font Info:    Checking defaults for U/cmr/m/n on input line 12.
LaTeX Font Info:    ... okay on input line 12.

*geometry auto-detecting driver*
*geometry detected driver: dvips*
-------------------- Geometry parameters
paper: class default
landscape: --
twocolumn: --
twoside: true
asymmetric: --
h-parts: 108.405pt, 397.485pt, 108.405pt
v-parts: 80.94247pt, 592.61377pt, 121.41374pt
hmarginratio: --
vmarginratio: 2:3
lines: --
heightrounded: --
bindingoffset: 0.0pt
truedimen: --
includehead: --
includefoot: --
includemp: --
driver: dvips
-------------------- Page layout dimensions and switches
\paperwidth  614.295pt
\paperheight 794.96999pt
\textwidth  397.485pt
\textheight 592.61377pt
\oddsidemargin  36.13501pt
\evensidemargin 36.13501pt
\topmargin  -28.32751pt
\headheight 12.0pt
\headsep    25.0pt
\footskip   30.0pt
\marginparwidth 121.0pt
\marginparsep   11.0pt
\columnsep  10.0pt
\skip\footins  9.0pt plus 4.0pt minus 2.0pt
\hoffset 0.0pt
\voffset 0.0pt
\mag 1000
\@twosidetrue \@mparswitchtrue 
(1in=72.27pt, 1cm=28.45pt)
-----------------------
(/usr/share/texmf-texlive/tex/latex/ucs/ucsencs.def
File: ucsencs.def 2003/11/29 Fixes to fontencodings LGR, T3
)
LaTeX Font Info:    Try loading font information for U+msa on input line 38.

(/usr/share/texmf-texlive/tex/latex/amsfonts/umsa.fd
File: umsa.fd 2009/06/22 v3.00 AMS symbols A
)
LaTeX Font Info:    Try loading font information for U+msb on input line 38.

(/usr/share/texmf-texlive/tex/latex/amsfonts/umsb.fd
File: umsb.fd 2009/06/22 v3.00 AMS symbols B
) [1

] [2

] [1] [2

]
(./report.toc [3

])
\tf@toc=\write3
\openout3 = `report.toc'.

 [4]
Chapter 1.
[1



] [2] [3] [4

]
Chapter 2.
File: dependency_graph_example2.eps Graphic file (type eps)
<dependency_graph_example2.eps> [5] [6] [7]
File: svm_maximum_margin_example.eps Graphic file (type eps)
 <svm_maximum_margin_example.eps>
[8] [9]
File: decision_tree_example.eps Graphic file (type eps)
 <decision_tree_example.eps> [10] [11] [12]
Chapter 3.
[13

]
Underfull \hbox (badness 10000) in paragraph at lines 422--422
[][]\T1/cmr/m/n/8 All scripts and con-fig-u-ra-tions can be found at the fol-lo
w-ing lo-ca-tion
 []


Underfull \hbox (badness 10000) in paragraph at lines 436--436
[][]\T1/cmr/m/n/8 The mea-sure-ment tool eval07.pl can be found in the de-pen-d
ency pars-ing wiki
 []

[14] [15] [16

]
Chapter 4.

Overfull \hbox (2.70139pt too wide) in paragraph at lines 584--628
 [] 
 []

[17] [18] [19]
File: accuracy_of_partions/accuracy_of_partions.eps Graphic file (type eps)
 <accuracy_of_partions/accuracy_of_partions.eps> [20] [21]
[22]
Underfull \hbox (badness 10000) in paragraph at lines 755--755
[][]\T1/cmr/m/n/8 How the con-fi-dence in-ter-vals are cal-cu-lated can be seen
 at the fol-low-ing lo-ca-tion
 []


Overfull \hbox (69.35378pt too wide) in paragraph at lines 755--755
\T1/cmr/m/n/8 ''https://github.com/kjellwinblad/master-thesis-matrial/blob/mast
er/scala_code/tools/ConfidenceIntervallCalculation.scala''.| 
 []

[23]
Overfull \hbox (11.10098pt too wide) in paragraph at lines 817--828
 [] 
 []


Underfull \hbox (badness 10000) in paragraph at lines 833--833
[][]\T1/cmr/m/n/8 Images that shows the struc-ture of the cre-ated de-ci-sion t
rees can
 []


Underfull \hbox (badness 10000) in paragraph at lines 833--833
\T1/cmr/m/n/8 be found at the lo-ca-tion ''http://github.com/kjellwinblad/maste
r-thesis-
 []


Underfull \vbox (badness 10000) has occurred while \output is active []

 [24]
[25]
Underfull \hbox (badness 10000) in paragraph at lines 865--865
[][]\T1/cmr/m/n/8 How the con-fi-dence in-ter-vals are cal-cu-lated can be seen
 at the fol-low-ing lo-ca-tion
 []


Overfull \hbox (69.35378pt too wide) in paragraph at lines 865--865
\T1/cmr/m/n/8 ''https://github.com/kjellwinblad/master-thesis-matrial/blob/mast
er/scala_code/tools/ConfidenceIntervallCalculation.scala''.| 
 []


Underfull \vbox (badness 1596) has occurred while \output is active []

 [26]

LaTeX Warning: Float too large for page by 41.61731pt on input line 989.

[27] [28]
Chapter 5.
LaTeX Font Info:    Try loading font information for T1+cmtt on input line 1014
.
(/usr/share/texmf-texlive/tex/latex/base/t1cmtt.fd
File: t1cmtt.fd 1999/05/25 v2.5h Standard LaTeX font definitions
) [29

] [30]
Chapter 6.
[31

] [32] (./report.bbl [33


]) [34]
Appendix A.
File: accuracy_of_partions_in_relationship_to_size/swe.eps Graphic file (type e
ps)
<accuracy_of_partions_in_relationship_to_size/swe.eps>
File: accuracy_of_partions_in_relationship_to_size/chi.eps Graphic file (type e
ps)

<accuracy_of_partions_in_relationship_to_size/chi.eps>
File: accuracy_of_partions_in_relationship_to_size/ger.eps Graphic file (type e
ps)

<accuracy_of_partions_in_relationship_to_size/ger.eps>
File: libsvm_liblinear_div_not_div_experiment_diagrams/swe.eps Graphic file (ty
pe eps)

<libsvm_liblinear_div_not_div_experiment_diagrams/swe.eps>
File: libsvm_liblinear_div_not_div_experiment_diagrams/chi.eps Graphic file (ty
pe eps)

<libsvm_liblinear_div_not_div_experiment_diagrams/chi.eps>
File: libsvm_liblinear_div_not_div_experiment_diagrams/ger.eps Graphic file (ty
pe eps)

<libsvm_liblinear_div_not_div_experiment_diagrams/ger.eps>
File: decion_trees_malt_parser_diagrams/swe.eps Graphic file (type eps)

<decion_trees_malt_parser_diagrams/swe.eps>
File: decion_trees_malt_parser_diagrams/chi.eps Graphic file (type eps)

<decion_trees_malt_parser_diagrams/chi.eps>
File: decion_trees_malt_parser_diagrams/ger.eps Graphic file (type eps)

<decion_trees_malt_parser_diagrams/ger.eps>
File: decion_trees_malt_parser_diagrams/cze.eps Graphic file (type eps)

<decion_trees_malt_parser_diagrams/cze.eps>
File: decion_trees_malt_parser_diagrams/eng.eps Graphic file (type eps)

<decion_trees_malt_parser_diagrams/eng.eps> [35

] [36] [37] [38] [39] [40]
[41] [42] [43] [44] [45] [46

]
Appendix B.
[47] [48] [49] [50] [51] [52] (./report.aux)

LaTeX Warning: There were multiply-defined labels.

 ) 
Here is how much of TeX's memory you used:
 2941 strings out of 493849
 38800 string characters out of 1152845
 124976 words of memory out of 3000000
 6134 multiletter control sequences out of 15000+50000
 27107 words of font info for 70 fonts, out of 3000000 for 9000
 714 hyphenation exceptions out of 8191
 34i,11n,45p,1839b,348s stack positions out of 5000i,500n,10000p,200000b,50000s

Output written on report.dvi (58 pages, 169224 bytes).
